<?xml version="1.0" encoding="UTF-8"?>
<!-- Generated by org.testng.reporters.JUnitXMLReporter -->
<testsuite hostname="Niaz" name="RegressionTest" tests="4" failures="0" timestamp="13 Feb 2017 23:03:01 GMT" time="74.887" errors="0">
  <testcase name="testLoginPage" time="8.148" classname="testcases.VerifyLoginPage"/>
  <testcase name="testSignPage" time="1.69" classname="testcases.VerifySignUpPage"/>
  <testcase name="createTestPage" time="0.312" classname="testcases.VerifyCreateApage"/>
  <testcase name="testHomePage" time="0.069" classname="testcases.VerifyHomePage"/>
</testsuite> <!-- RegressionTest -->
