<?xml version="1.0" encoding="UTF-8"?>
<!-- Generated by org.testng.reporters.JUnitXMLReporter -->
<testsuite hostname="Niaz" name="Default test" tests="4" failures="0" timestamp="13 Feb 2017 17:15:49 GMT" time="67.091" errors="0">
  <testcase name="testLoginPage" time="5.051" classname="testcases.VerifyLoginPage"/>
  <testcase name="testSignPage" time="1.959" classname="testcases.VerifySignUpPage"/>
  <testcase name="testHomePage" time="1.373" classname="testcases.VerifyCreateApage"/>
  <testcase name="testHomePage" time="0.032" classname="testcases.VerifyHomePage"/>
</testsuite> <!-- Default test -->
